<?xml version="1.0" encoding="UTF-8"?>
<!-- Generated by org.testng.reporters.JUnitReportReporter -->
<testsuite skipped="0" hostname="chetan" name="BasicTest.Day1" tests="3" failures="0" timestamp="13 Feb 2019 14:12:08 GMT" time="6.773" errors="0">
  <testcase name="demo1" time="0.002" classname="BasicTest.Day1"/>
  <testcase name="dataDriven" time="6.757" classname="BasicTest.Day1"/>
  <testcase name="demo" time="0.014" classname="BasicTest.Day1"/>
</testsuite> <!-- BasicTest.Day1 -->
