<?xml version="1.0" encoding="UTF-8"?>
<!-- Generated by org.testng.reporters.JUnitReportReporter -->
<testsuite skipped="0" hostname="chetan" name="BasicTest.Day4" tests="3" failures="0" timestamp="13 Feb 2019 14:12:08 GMT" time="0.005" errors="0">
  <testcase name="webHomeLoan" time="0.002" classname="BasicTest.Day4"/>
  <testcase name="apiHomeLOan" time="0.001" classname="BasicTest.Day4"/>
  <testcase name="mobHomeLoan" time="0.002" classname="BasicTest.Day4"/>
</testsuite> <!-- BasicTest.Day4 -->
