<?xml version="1.0" encoding="UTF-8"?>
<!-- Generated by org.testng.reporters.JUnitReportReporter -->
<testsuite skipped="0" hostname="chetan" name="BasicTest.Day2" tests="4" failures="0" timestamp="13 Feb 2019 14:12:08 GMT" time="0.011" errors="0">
  <testcase name="demo3" time="0.001" classname="BasicTest.Day2"/>
  <testcase name="demo4" time="0.004" classname="BasicTest.Day2"/>
  <testcase name="demo4" time="0.002" classname="BasicTest.Day2"/>
  <testcase name="demo4" time="0.004" classname="BasicTest.Day2"/>
</testsuite> <!-- BasicTest.Day2 -->
